<?xml version="1.0" encoding="UTF-8"?>
<testsuite name="com.oxyggen.qzw.SerialDriverTest" tests="1" skipped="0" failures="0" errors="0" timestamp="2021-01-27T13:39:21" hostname="oxyggen-pc" time="60.144">
  <properties/>
  <testcase name="Device open &amp; close test()" classname="com.oxyggen.qzw.SerialDriverTest" time="60.144"/>
  <system-out><![CDATA[14:39:22.421 ERROR com.oxyggen.qzw.engine.Engine - Engine - Main: Unable to start driver!
14:40:22.041 DEBUG com.oxyggen.qzw.SerialDriverTest - Test: Stopping engine
14:40:22.042 DEBUG com.oxyggen.qzw.SerialDriverTest - Test: Engine stopped
]]></system-out>
  <system-err><![CDATA[Failed to connect on port: /dev/ttyACM0 exception: 
gnu.io.UnsupportedCommOperationException: Invalid Parameter
	at gnu.io.RXTXPort.setSerialPortParams(RXTXPort.java:260)
	at gnu.io.NRSerialPort.connect(NRSerialPort.java:138)
	at com.oxyggen.qzw.driver.NRSerialDriver.start(NRSerialDriver.kt:19)
	at com.oxyggen.qzw.engine.Engine.executeJobs(Engine.kt:67)
	at com.oxyggen.qzw.engine.Engine$startWithLock$$inlined$withLock$lambda$1.invokeSuspend(Engine.kt:50)
	at kotlin.coroutines.jvm.internal.BaseContinuationImpl.resumeWith(ContinuationImpl.kt:33)
	at kotlinx.coroutines.DispatchedTask.run(DispatchedTask.kt:106)
	at kotlinx.coroutines.scheduling.CoroutineScheduler.runSafely(CoroutineScheduler.kt:571)
	at kotlinx.coroutines.scheduling.CoroutineScheduler$Worker.executeTask(CoroutineScheduler.kt:750)
	at kotlinx.coroutines.scheduling.CoroutineScheduler$Worker.runWorker(CoroutineScheduler.kt:678)
	at kotlinx.coroutines.scheduling.CoroutineScheduler$Worker.run(CoroutineScheduler.kt:665)
]]></system-err>
</testsuite>
