<?xml version="1.0" encoding="UTF-8"?>
<testsuite name="com.oxyggen.qzw.SerialDriverTest" tests="1" skipped="0" failures="0" errors="0" timestamp="2021-01-23T00:25:05" hostname="oxyggen-pc" time="60.224">
  <properties/>
  <testcase name="Device open &amp; close test()" classname="com.oxyggen.qzw.SerialDriverTest" time="60.224"/>
  <system-out><![CDATA[01:25:05.714 DEBUG com.oxyggen.qzw.SerialDriverTest - Test: Engine started
01:25:06.754 DEBUG com.oxyggen.qzw.engine.Engine - Engine - Main: Driver started
01:25:06.755 DEBUG com.oxyggen.qzw.engine.Engine - Engine - Sender: started
01:25:06.756 DEBUG com.oxyggen.qzw.engine.Engine - Engine - Receiver: started
01:25:06.756 DEBUG com.oxyggen.qzw.engine.Engine - Engine - Dispatcher: started
01:25:06.780 DEBUG com.oxyggen.qzw.engine.Engine - Engine - Sender: frame REQ: SERIAL_API_GET_INIT_DATA() sent, waiting 200ms for ACK (1/4)
01:25:06.918 DEBUG com.oxyggen.qzw.engine.Engine - Engine - Receiver: frame received ACK
01:25:06.919 DEBUG com.oxyggen.qzw.engine.Engine - Engine - Dispatcher: control frame received ACK, informing sender job
01:25:06.920 DEBUG com.oxyggen.qzw.engine.Engine - Engine - Sender: Status received: ACK
01:25:06.934 DEBUG com.oxyggen.qzw.engine.Engine - Engine - Receiver: frame received RES: SERIAL_API_GET_INIT_DATA(version: 5, capabilities: [Controller API, Timer not supported, Primary controller, SIS controller], chip type/version: 5/0, nodes: [1, 2, 3, 4, 5, 6, 7, 8, 12, 13, 14, 15, 16, 17, 18, 19, 20, 21, 22, 23, 28, 30, 32, 33])
01:25:06.935 DEBUG com.oxyggen.qzw.engine.Engine - Engine - Dispatcher: frame received RES: SERIAL_API_GET_INIT_DATA(version: 5, capabilities: [Controller API, Timer not supported, Primary controller, SIS controller], chip type/version: 5/0, nodes: [1, 2, 3, 4, 5, 6, 7, 8, 12, 13, 14, 15, 16, 17, 18, 19, 20, 21, 22, 23, 28, 30, 32, 33]), sending ACK
01:25:06.935 DEBUG com.oxyggen.qzw.engine.Engine - Engine - Sender: sending frame: ACK
01:26:05.720 DEBUG com.oxyggen.qzw.SerialDriverTest - Test: Stopping engine
01:26:05.721 DEBUG com.oxyggen.qzw.engine.Engine - Engine - Dispatcher: received event: EngineEvent(type=ABORT, data=null, created=2021-01-23T01:25:05.723345)
01:26:05.721 DEBUG com.oxyggen.qzw.engine.Engine - Engine - Dispatcher: stopped
01:26:05.722 DEBUG com.oxyggen.qzw.engine.Engine - Engine - Sender: received event: EngineEvent(type=ABORT, data=null, created=2021-01-23T01:25:05.723345)
01:26:05.732 DEBUG com.oxyggen.qzw.engine.Engine - Engine - Sender: stopped
01:26:05.732 DEBUG com.oxyggen.qzw.engine.Engine - Engine - Main: Stopping driver
01:26:05.733 DEBUG com.oxyggen.qzw.engine.Engine - Engine - Main: Driver stopped
01:26:05.734 DEBUG com.oxyggen.qzw.engine.Engine - Engine - Receiver: job stopped (because driver is inactive)
01:26:05.734 DEBUG com.oxyggen.qzw.SerialDriverTest - Test: Engine stopped
]]></system-out>
  <system-err><![CDATA[]]></system-err>
</testsuite>
